<?xml version="1.0" encoding="UTF-8"?>
<testsuite xmlns:xsi="http://www.w3.org/2001/XMLSchema-instance" xsi:noNamespaceSchemaLocation="https://maven.apache.org/surefire/maven-surefire-plugin/xsd/surefire-test-report-3.0.xsd" version="3.0" name="org.example.ShoppingCartTest" time="0.129" tests="20" errors="0" skipped="0" failures="0">
  <properties>
[...]
</properties>
  <testcase name="calculatePriceForMagicCards_red_MoreTenYears" classname="org.example.ShoppingCartTest" time="0.051"/>
  <testcase name="calculatePriceForSpiderGoldStinky" classname="org.example.ShoppingCartTest" time="0.002"/>
  <testcase name="calculatePriceForMagicCards_green__MoreTwentyYears" classname="org.example.ShoppingCartTest" time="0.002"/>
  <testcase name="calculatePriceForMagicCards_Magic_BlackLotus" classname="org.example.ShoppingCartTest" time="0.003"/>
  <testcase name="calculatePriceForFish_base" classname="org.example.ShoppingCartTest" time="0.001"/>
  <testcase name="calculatePriceForFish_blue" classname="org.example.ShoppingCartTest" time="0.001"/>
  <testcase name="calculatePriceForFish_gold" classname="org.example.ShoppingCartTest" time="0.001"/>
  <testcase name="calculatePriceForCheese" classname="org.example.ShoppingCartTest" time="0.001"/>
  <testcase name="calculatePriceForMagicCards_blue_MoreTenYears" classname="org.example.ShoppingCartTest" time="0.003"/>
  <testcase name="calculatePriceForSpiderGold" classname="org.example.ShoppingCartTest" time="0.002"/>
  <testcase name="calculatePriceForSpiderStinky" classname="org.example.ShoppingCartTest" time="0.001"/>
  <testcase name="calculatePriceForMagicCards_green" classname="org.example.ShoppingCartTest" time="0.001"/>
  <testcase name="calculatePriceForSpiderRedStinky" classname="org.example.ShoppingCartTest" time="0.001"/>
  <testcase name="calculatePriceForMagicCards_black_MoreTwentyYears" classname="org.example.ShoppingCartTest" time="0"/>
  <testcase name="calculatePriceForSpider" classname="org.example.ShoppingCartTest" time="0.002"/>
  <testcase name="calculatePriceForMagicCards_blue" classname="org.example.ShoppingCartTest" time="0"/>
  <testcase name="calculatePriceForWine" classname="org.example.ShoppingCartTest" time="0.002"/>
  <testcase name="calculatePriceForMagicCards_red" classname="org.example.ShoppingCartTest" time="0.001"/>
  <testcase name="calculatePriceForMagicCards_black_" classname="org.example.ShoppingCartTest" time="0.001"/>
  <testcase name="calculatePriceForSpiderRed" classname="org.example.ShoppingCartTest" time="0.002"/>
</testsuite>